# JRE version: OpenJDK Runtime Environment (8.0_232-b09) (build 1.8.0_232-8u232-b09-0ubuntu1~16.04.1-b09)
# Java VM: OpenJDK 64-Bit Server VM (25.232-b09 mixed mode linux-amd64 compressed oops)
Heap:
 PSYoungGen      total 485888K, used 43634K [0x00000000e1b80000, 0x0000000100000000, 0x0000000100000000)
  eden space 475648K, 7% used [0x00000000e1b80000,0x00000000e3c7faa8,0x00000000fec00000)
  from space 10240K, 96% used [0x00000000fec00000,0x00000000ff59ce40,0x00000000ff600000)
  to   space 10240K, 0% used [0x00000000ff600000,0x00000000ff600000,0x0000000100000000)
 ParOldGen       total 75776K, used 63496K [0x00000000a5200000, 0x00000000a9c00000, 0x00000000e1b80000)
  object space 75776K, 83% used [0x00000000a5200000,0x00000000a9002368,0x00000000a9c00000)
 Metaspace       used 9246K, capacity 9500K, committed 9600K, reserved 1058816K
  class space    used 960K, capacity 1070K, committed 1152K, reserved 1048576K
GC Heap History (10 events):
Event: 1791,704 GC heap before
{Heap before GC invocations=12095 (full 2):
 PSYoungGen      total 485888K, used 482200K [0x00000000e1b80000, 0x0000000100000000, 0x0000000100000000)
  eden space 475648K, 99% used [0x00000000e1b80000,0x00000000fe8c9b30,0x00000000fec00000)
  from space 10240K, 96% used [0x00000000ff600000,0x00000000fff9c6c0,0x0000000100000000)
  to   space 10240K, 0% used [0x00000000fec00000,0x00000000fec00000,0x00000000ff600000)
 ParOldGen       total 75776K, used 63464K [0x00000000a5200000, 0x00000000a9c00000, 0x00000000e1b80000)
  object space 75776K, 83% used [0x00000000a5200000,0x00000000a8ffa368,0x00000000a9c00000)
 Metaspace       used 9246K, capacity 9500K, committed 9600K, reserved 1058816K
  class space    used 960K, capacity 1070K, committed 1152K, reserved 1048576K
Event: 1791,710 GC heap after
Heap after GC invocations=12095 (full 2):
 PSYoungGen      total 485888K, used 9810K [0x00000000e1b80000, 0x0000000100000000, 0x0000000100000000)
  eden space 475648K, 0% used [0x00000000e1b80000,0x00000000e1b80000,0x00000000fec00000)
  from space 10240K, 95% used [0x00000000fec00000,0x00000000ff594840,0x00000000ff600000)
  to   space 10240K, 0% used [0x00000000ff600000,0x00000000ff600000,0x0000000100000000)
 ParOldGen       total 75776K, used 63464K [0x00000000a5200000, 0x00000000a9c00000, 0x00000000e1b80000)
  object space 75776K, 83% used [0x00000000a5200000,0x00000000a8ffa368,0x00000000a9c00000)
 Metaspace       used 9246K, capacity 9500K, committed 9600K, reserved 1058816K
  class space    used 960K, capacity 1070K, committed 1152K, reserved 1048576K
}
Event: 1791,996 GC heap before
{Heap before GC invocations=12096 (full 2):
 PSYoungGen      total 485888K, used 482178K [0x00000000e1b80000, 0x0000000100000000, 0x0000000100000000)
  eden space 475648K, 99% used [0x00000000e1b80000,0x00000000fe8cc138,0x00000000fec00000)
  from space 10240K, 95% used [0x00000000fec00000,0x00000000ff594840,0x00000000ff600000)
  to   space 10240K, 0% used [0x00000000ff600000,0x00000000ff600000,0x0000000100000000)
 ParOldGen       total 75776K, used 63464K [0x00000000a5200000, 0x00000000a9c00000, 0x00000000e1b80000)
  object space 75776K, 83% used [0x00000000a5200000,0x00000000a8ffa368,0x00000000a9c00000)
 Metaspace       used 9246K, capacity 9500K, committed 9600K, reserved 1058816K
  class space    used 960K, capacity 1070K, committed 1152K, reserved 1048576K
Event: 1792,003 GC heap after
Heap after GC invocations=12096 (full 2):
 PSYoungGen      total 485888K, used 9810K [0x00000000e1b80000, 0x0000000100000000, 0x0000000100000000)
  eden space 475648K, 0% used [0x00000000e1b80000,0x00000000e1b80000,0x00000000fec00000)
  from space 10240K, 95% used [0x00000000ff600000,0x00000000fff949c0,0x0000000100000000)
  to   space 10240K, 0% used [0x00000000fec00000,0x00000000fec00000,0x00000000ff600000)
 ParOldGen       total 75776K, used 63480K [0x00000000a5200000, 0x00000000a9c00000, 0x00000000e1b80000)
  object space 75776K, 83% used [0x00000000a5200000,0x00000000a8ffe368,0x00000000a9c00000)
 Metaspace       used 9246K, capacity 9500K, committed 9600K, reserved 1058816K
  class space    used 960K, capacity 1070K, committed 1152K, reserved 1048576K
}
Event: 1792,305 GC heap before
{Heap before GC invocations=12097 (full 2):
 PSYoungGen      total 485888K, used 482196K [0x00000000e1b80000, 0x0000000100000000, 0x0000000100000000)
  eden space 475648K, 99% used [0x00000000e1b80000,0x00000000fe8d0898,0x00000000fec00000)
  from space 10240K, 95% used [0x00000000ff600000,0x00000000fff949c0,0x0000000100000000)
  to   space 10240K, 0% used [0x00000000fec00000,0x00000000fec00000,0x00000000ff600000)
 ParOldGen       total 75776K, used 63480K [0x00000000a5200000, 0x00000000a9c00000, 0x00000000e1b80000)
  object space 75776K, 83% used [0x00000000a5200000,0x00000000a8ffe368,0x00000000a9c00000)
 Metaspace       used 9246K, capacity 9500K, committed 9600K, reserved 1058816K
  class space    used 960K, capacity 1070K, committed 1152K, reserved 1048576K
Event: 1792,321 GC heap after
Heap after GC invocations=12097 (full 2):
 PSYoungGen      total 485888K, used 9810K [0x00000000e1b80000, 0x0000000100000000, 0x0000000100000000)
  eden space 475648K, 0% used [0x00000000e1b80000,0x00000000e1b80000,0x00000000fec00000)
  from space 10240K, 95% used [0x00000000fec00000,0x00000000ff594b40,0x00000000ff600000)
  to   space 10240K, 0% used [0x00000000ff600000,0x00000000ff600000,0x0000000100000000)
 ParOldGen       total 75776K, used 63480K [0x00000000a5200000, 0x00000000a9c00000, 0x00000000e1b80000)
  object space 75776K, 83% used [0x00000000a5200000,0x00000000a8ffe368,0x00000000a9c00000)
 Metaspace       used 9246K, capacity 9500K, committed 9600K, reserved 1058816K
  class space    used 960K, capacity 1070K, committed 1152K, reserved 1048576K
}
Event: 1792,572 GC heap before
{Heap before GC invocations=12098 (full 2):
 PSYoungGen      total 485888K, used 482223K [0x00000000e1b80000, 0x0000000100000000, 0x0000000100000000)
  eden space 475648K, 99% used [0x00000000e1b80000,0x00000000fe8d7100,0x00000000fec00000)
  from space 10240K, 95% used [0x00000000fec00000,0x00000000ff594b40,0x00000000ff600000)
  to   space 10240K, 0% used [0x00000000ff600000,0x00000000ff600000,0x0000000100000000)
 ParOldGen       total 75776K, used 63480K [0x00000000a5200000, 0x00000000a9c00000, 0x00000000e1b80000)
  object space 75776K, 83% used [0x00000000a5200000,0x00000000a8ffe368,0x00000000a9c00000)
 Metaspace       used 9246K, capacity 9500K, committed 9600K, reserved 1058816K
  class space    used 960K, capacity 1070K, committed 1152K, reserved 1048576K
Event: 1792,580 GC heap after
Heap after GC invocations=12098 (full 2):
 PSYoungGen      total 485888K, used 9811K [0x00000000e1b80000, 0x0000000100000000, 0x0000000100000000)
  eden space 475648K, 0% used [0x00000000e1b80000,0x00000000e1b80000,0x00000000fec00000)
  from space 10240K, 95% used [0x00000000ff600000,0x00000000fff94cc0,0x0000000100000000)
  to   space 10240K, 0% used [0x00000000fec00000,0x00000000fec00000,0x00000000ff600000)
 ParOldGen       total 75776K, used 63480K [0x00000000a5200000, 0x00000000a9c00000, 0x00000000e1b80000)
  object space 75776K, 83% used [0x00000000a5200000,0x00000000a8ffe368,0x00000000a9c00000)
 Metaspace       used 9246K, capacity 9500K, committed 9600K, reserved 1058816K
  class space    used 960K, capacity 1070K, committed 1152K, reserved 1048576K
}
Event: 1792,831 GC heap before
{Heap before GC invocations=12099 (full 2):
 PSYoungGen      total 485888K, used 482232K [0x00000000e1b80000, 0x0000000100000000, 0x0000000100000000)
  eden space 475648K, 99% used [0x00000000e1b80000,0x00000000fe8d9708,0x00000000fec00000)
  from space 10240K, 95% used [0x00000000ff600000,0x00000000fff94cc0,0x0000000100000000)
  to   space 10240K, 0% used [0x00000000fec00000,0x00000000fec00000,0x00000000ff600000)
 ParOldGen       total 75776K, used 63480K [0x00000000a5200000, 0x00000000a9c00000, 0x00000000e1b80000)
  object space 75776K, 83% used [0x00000000a5200000,0x00000000a8ffe368,0x00000000a9c00000)
 Metaspace       used 9246K, capacity 9500K, committed 9600K, reserved 1058816K
  class space    used 960K, capacity 1070K, committed 1152K, reserved 1048576K
Event: 1792,836 GC heap after
Heap after GC invocations=12099 (full 2):
 PSYoungGen      total 485888K, used 9843K [0x00000000e1b80000, 0x0000000100000000, 0x0000000100000000)
  eden space 475648K, 0% used [0x00000000e1b80000,0x00000000e1b80000,0x00000000fec00000)
  from space 10240K, 96% used [0x00000000fec00000,0x00000000ff59ce40,0x00000000ff600000)
  to   space 10240K, 0% used [0x00000000ff600000,0x00000000ff600000,0x0000000100000000)
 ParOldGen       total 75776K, used 63496K [0x00000000a5200000, 0x00000000a9c00000, 0x00000000e1b80000)
  object space 75776K, 83% used [0x00000000a5200000,0x00000000a9002368,0x00000000a9c00000)
 Metaspace       used 9246K, capacity 9500K, committed 9600K, reserved 1058816K
  class space    used 960K, capacity 1070K, committed 1152K, reserved 1048576K
}

