# JRE version: OpenJDK Runtime Environment (8.0_232-b09) (build 1.8.0_232-8u232-b09-0ubuntu1~16.04.1-b09)
# Java VM: OpenJDK 64-Bit Server VM (25.232-b09 mixed mode linux-amd64 compressed oops)
Heap:
 PSYoungGen      total 495616K, used 9998K [0x00000000e1b80000, 0x0000000100000000, 0x0000000100000000)
  eden space 495104K, 2% used [0x00000000e1b80000,0x00000000e252b860,0x00000000fff00000)
  from space 512K, 18% used [0x00000000fff00000,0x00000000fff18000,0x00000000fff80000)
  to   space 512K, 12% used [0x00000000fff80000,0x00000000fff90000,0x0000000100000000)
 ParOldGen       total 992768K, used 67103K [0x00000000a5200000, 0x00000000e1b80000, 0x00000000e1b80000)
  object space 992768K, 6% used [0x00000000a5200000,0x00000000a9387f58,0x00000000e1b80000)
 Metaspace       used 6337K, capacity 6560K, committed 6656K, reserved 1056768K
  class space    used 622K, capacity 678K, committed 768K, reserved 1048576K
GC Heap History (10 events):
Event: 1264,274 GC heap after
Heap after GC invocations=8186 (full 7):
 PSYoungGen      total 495616K, used 96K [0x00000000e1b80000, 0x0000000100000000, 0x0000000100000000)
  eden space 495104K, 0% used [0x00000000e1b80000,0x00000000e1b80000,0x00000000fff00000)
  from space 512K, 18% used [0x00000000fff00000,0x00000000fff18000,0x00000000fff80000)
  to   space 512K, 0% used [0x00000000fff80000,0x00000000fff80000,0x0000000100000000)
 ParOldGen       total 93184K, used 66991K [0x00000000a5200000, 0x00000000aad00000, 0x00000000e1b80000)
  object space 93184K, 71% used [0x00000000a5200000,0x00000000a936bf58,0x00000000aad00000)
 Metaspace       used 6337K, capacity 6560K, committed 6656K, reserved 1056768K
  class space    used 622K, capacity 678K, committed 768K, reserved 1048576K
}
Event: 1264,520 GC heap before
{Heap before GC invocations=8187 (full 7):
 PSYoungGen      total 495616K, used 495200K [0x00000000e1b80000, 0x0000000100000000, 0x0000000100000000)
  eden space 495104K, 100% used [0x00000000e1b80000,0x00000000fff00000,0x00000000fff00000)
  from space 512K, 18% used [0x00000000fff00000,0x00000000fff18000,0x00000000fff80000)
  to   space 512K, 0% used [0x00000000fff80000,0x00000000fff80000,0x0000000100000000)
 ParOldGen       total 93184K, used 66991K [0x00000000a5200000, 0x00000000aad00000, 0x00000000e1b80000)
  object space 93184K, 71% used [0x00000000a5200000,0x00000000a936bf58,0x00000000aad00000)
 Metaspace       used 6337K, capacity 6560K, committed 6656K, reserved 1056768K
  class space    used 622K, capacity 678K, committed 768K, reserved 1048576K
Event: 1264,522 GC heap after
Heap after GC invocations=8187 (full 7):
 PSYoungGen      total 495616K, used 96K [0x00000000e1b80000, 0x0000000100000000, 0x0000000100000000)
  eden space 495104K, 0% used [0x00000000e1b80000,0x00000000e1b80000,0x00000000fff00000)
  from space 512K, 18% used [0x00000000fff80000,0x00000000fff98000,0x0000000100000000)
  to   space 512K, 0% used [0x00000000fff00000,0x00000000fff00000,0x00000000fff80000)
 ParOldGen       total 93184K, used 67015K [0x00000000a5200000, 0x00000000aad00000, 0x00000000e1b80000)
  object space 93184K, 71% used [0x00000000a5200000,0x00000000a9371f58,0x00000000aad00000)
 Metaspace       used 6337K, capacity 6560K, committed 6656K, reserved 1056768K
  class space    used 622K, capacity 678K, committed 768K, reserved 1048576K
}
Event: 1264,747 GC heap before
{Heap before GC invocations=8188 (full 7):
 PSYoungGen      total 495616K, used 495200K [0x00000000e1b80000, 0x0000000100000000, 0x0000000100000000)
  eden space 495104K, 100% used [0x00000000e1b80000,0x00000000fff00000,0x00000000fff00000)
  from space 512K, 18% used [0x00000000fff80000,0x00000000fff98000,0x0000000100000000)
  to   space 512K, 0% used [0x00000000fff00000,0x00000000fff00000,0x00000000fff80000)
 ParOldGen       total 93184K, used 67015K [0x00000000a5200000, 0x00000000aad00000, 0x00000000e1b80000)
  object space 93184K, 71% used [0x00000000a5200000,0x00000000a9371f58,0x00000000aad00000)
 Metaspace       used 6337K, capacity 6560K, committed 6656K, reserved 1056768K
  class space    used 622K, capacity 678K, committed 768K, reserved 1048576K
Event: 1264,750 GC heap after
Heap after GC invocations=8188 (full 7):
 PSYoungGen      total 495616K, used 96K [0x00000000e1b80000, 0x0000000100000000, 0x0000000100000000)
  eden space 495104K, 0% used [0x00000000e1b80000,0x00000000e1b80000,0x00000000fff00000)
  from space 512K, 18% used [0x00000000fff00000,0x00000000fff18000,0x00000000fff80000)
  to   space 512K, 0% used [0x00000000fff80000,0x00000000fff80000,0x0000000100000000)
 ParOldGen       total 93184K, used 67039K [0x00000000a5200000, 0x00000000aad00000, 0x00000000e1b80000)
  object space 93184K, 71% used [0x00000000a5200000,0x00000000a9377f58,0x00000000aad00000)
 Metaspace       used 6337K, capacity 6560K, committed 6656K, reserved 1056768K
  class space    used 622K, capacity 678K, committed 768K, reserved 1048576K
}
Event: 1264,998 GC heap before
{Heap before GC invocations=8189 (full 7):
 PSYoungGen      total 495616K, used 495200K [0x00000000e1b80000, 0x0000000100000000, 0x0000000100000000)
  eden space 495104K, 100% used [0x00000000e1b80000,0x00000000fff00000,0x00000000fff00000)
  from space 512K, 18% used [0x00000000fff00000,0x00000000fff18000,0x00000000fff80000)
  to   space 512K, 0% used [0x00000000fff80000,0x00000000fff80000,0x0000000100000000)
 ParOldGen       total 93184K, used 67039K [0x00000000a5200000, 0x00000000aad00000, 0x00000000e1b80000)
  object space 93184K, 71% used [0x00000000a5200000,0x00000000a9377f58,0x00000000aad00000)
 Metaspace       used 6337K, capacity 6560K, committed 6656K, reserved 1056768K
  class space    used 622K, capacity 678K, committed 768K, reserved 1048576K
Event: 1265,000 GC heap after
Heap after GC invocations=8189 (full 7):
 PSYoungGen      total 495616K, used 96K [0x00000000e1b80000, 0x0000000100000000, 0x0000000100000000)
  eden space 495104K, 0% used [0x00000000e1b80000,0x00000000e1b80000,0x00000000fff00000)
  from space 512K, 18% used [0x00000000fff80000,0x00000000fff98000,0x0000000100000000)
  to   space 512K, 0% used [0x00000000fff00000,0x00000000fff00000,0x00000000fff80000)
 ParOldGen       total 93184K, used 67063K [0x00000000a5200000, 0x00000000aad00000, 0x00000000e1b80000)
  object space 93184K, 71% used [0x00000000a5200000,0x00000000a937df58,0x00000000aad00000)
 Metaspace       used 6337K, capacity 6560K, committed 6656K, reserved 1056768K
  class space    used 622K, capacity 678K, committed 768K, reserved 1048576K
}
Event: 1265,257 GC heap before
{Heap before GC invocations=8190 (full 7):
 PSYoungGen      total 495616K, used 495200K [0x00000000e1b80000, 0x0000000100000000, 0x0000000100000000)
  eden space 495104K, 100% used [0x00000000e1b80000,0x00000000fff00000,0x00000000fff00000)
  from space 512K, 18% used [0x00000000fff80000,0x00000000fff98000,0x0000000100000000)
  to   space 512K, 0% used [0x00000000fff00000,0x00000000fff00000,0x00000000fff80000)
 ParOldGen       total 93184K, used 67063K [0x00000000a5200000, 0x00000000aad00000, 0x00000000e1b80000)
  object space 93184K, 71% used [0x00000000a5200000,0x00000000a937df58,0x00000000aad00000)
 Metaspace       used 6337K, capacity 6560K, committed 6656K, reserved 1056768K
  class space    used 622K, capacity 678K, committed 768K, reserved 1048576K
Event: 1265,260 GC heap after
Heap after GC invocations=8190 (full 7):
 PSYoungGen      total 495616K, used 96K [0x00000000e1b80000, 0x0000000100000000, 0x0000000100000000)
  eden space 495104K, 0% used [0x00000000e1b80000,0x00000000e1b80000,0x00000000fff00000)
  from space 512K, 18% used [0x00000000fff00000,0x00000000fff18000,0x00000000fff80000)
  to   space 512K, 0% used [0x00000000fff80000,0x00000000fff80000,0x0000000100000000)
 ParOldGen       total 93184K, used 67087K [0x00000000a5200000, 0x00000000aad00000, 0x00000000e1b80000)
  object space 93184K, 71% used [0x00000000a5200000,0x00000000a9383f58,0x00000000aad00000)
 Metaspace       used 6337K, capacity 6560K, committed 6656K, reserved 1056768K
  class space    used 622K, capacity 678K, committed 768K, reserved 1048576K
}
Event: 1265,270 GC heap before
{Heap before GC invocations=8191 (full 7):
 PSYoungGen      total 495616K, used 9998K [0x00000000e1b80000, 0x0000000100000000, 0x0000000100000000)
  eden space 495104K, 2% used [0x00000000e1b80000,0x00000000e252b860,0x00000000fff00000)
  from space 512K, 18% used [0x00000000fff00000,0x00000000fff18000,0x00000000fff80000)
  to   space 512K, 0% used [0x00000000fff80000,0x00000000fff80000,0x0000000100000000)
 ParOldGen       total 992768K, used 67087K [0x00000000a5200000, 0x00000000e1b80000, 0x00000000e1b80000)
  object space 992768K, 6% used [0x00000000a5200000,0x00000000a9383f58,0x00000000e1b80000)
 Metaspace       used 6337K, capacity 6560K, committed 6656K, reserved 1056768K
  class space    used 622K, capacity 678K, committed 768K, reserved 1048576K

